<?xml version="1.0" encoding="UTF-8"?>
<!-- Generated by org.testng.reporters.JUnitReportReporter -->
<testsuite hostname="DESKTOP-VQGIBRP" failures="0" tests="1" name="testScript.ManageCategoryTest" time="7.288" errors="0" timestamp="2025-05-30T10:54:06 IST" skipped="0">
  <testcase classname="testScript.ManageCategoryTest" name="manageCategoryTest" time="7.288"/>
</testsuite> <!-- testScript.ManageCategoryTest -->
