<?xml version="1.0" encoding="UTF-8"?>
<!-- Generated by org.testng.reporters.JUnitReportReporter -->
<testsuite hostname="DESKTOP-VQGIBRP" failures="0" tests="3" name="testScript.ManageNewsTest" time="12.148" errors="0" timestamp="2025-06-09T12:52:45 IST" skipped="0">
  <testcase classname="testScript.ManageNewsTest" name="verifyWhetherUserIsAbleToCreateNewsInformation" time="4.287"/>
  <testcase classname="testScript.ManageNewsTest" name="verifyWhetherUserIsAbleToDeleteNewsInformation" time="3.343"/>
  <testcase classname="testScript.ManageNewsTest" name="verifyWhetherUserIsAbleToDisplayManageNewsUpdateButton" time="4.518"/>
</testsuite> <!-- testScript.ManageNewsTest -->
