<?xml version="1.0" encoding="UTF-8"?>
<!-- Generated by org.testng.reporters.JUnitReportReporter -->
<testsuite hostname="DESKTOP-VQGIBRP" failures="0" tests="1" name="testScript.ManageContactTest" time="5.491" errors="0" timestamp="2025-06-03T11:39:08 IST" skipped="0">
  <testcase classname="testScript.ManageContactTest" name="manageContactTest" time="5.491"/>
</testsuite> <!-- testScript.ManageContactTest -->
