<?xml version="1.0" encoding="UTF-8"?>
<!-- Generated by org.testng.reporters.JUnitReportReporter -->
<testsuite hostname="DESKTOP-VQGIBRP" failures="0" tests="1" name="testScript.ManageContactTest" time="8.575" errors="0" timestamp="2025-06-09T13:01:33 IST" skipped="0">
  <testcase classname="testScript.ManageContactTest" name="verifyWhetherUserIsAbleToCreateNewContactInformation" time="8.575"/>
</testsuite> <!-- testScript.ManageContactTest -->
