<?xml version="1.0" encoding="UTF-8"?>
<!-- Generated by org.testng.reporters.JUnitReportReporter -->
<testsuite hostname="DESKTOP-VQGIBRP" failures="0" tests="1" name="testScript.ManageContactTest" time="6.080" errors="0" timestamp="2025-06-04T11:13:36 IST" skipped="0">
  <testcase classname="testScript.ManageContactTest" name="manageContactTest" time="6.080"/>
</testsuite> <!-- testScript.ManageContactTest -->
