<?xml version="1.0" encoding="UTF-8"?>
<!-- Generated by org.testng.reporters.JUnitReportReporter -->
<testsuite hostname="DESKTOP-VQGIBRP" failures="0" tests="1" name="testScript.HomePageTest" time="3.891" errors="0" timestamp="2025-06-09T12:28:48 IST" skipped="0">
  <testcase classname="testScript.HomePageTest" name="verifyWhetherUserIsAbleToLogout" time="3.891"/>
</testsuite> <!-- testScript.HomePageTest -->
