<?xml version="1.0" encoding="UTF-8"?>
<!-- Generated by org.testng.reporters.JUnitReportReporter -->
<testsuite hostname="DESKTOP-VQGIBRP" failures="0" tests="1" name="testScript.ManageCategoryTest" time="9.371" errors="0" timestamp="2025-06-09T12:53:22 IST" skipped="0">
  <testcase classname="testScript.ManageCategoryTest" name="verifyWhetherUserIsAbleToCreateNewCategoryInformation" time="9.371"/>
</testsuite> <!-- testScript.ManageCategoryTest -->
