<?xml version="1.0" encoding="UTF-8"?>
<!-- Generated by org.testng.reporters.JUnitReportReporter -->
<testsuite hostname="DESKTOP-VQGIBRP" failures="0" tests="3" name="testScript.ManageNewsTest" time="13.341" errors="0" timestamp="2025-06-09T21:57:09 IST" skipped="0">
  <testcase classname="testScript.ManageNewsTest" name="verifyWhetherUserIsAbleToDisplayManageNewsUpdateButton" time="2.952"/>
  <testcase classname="testScript.ManageNewsTest" name="verifyWhetherUserIsAbleToDeleteNewsInformation" time="3.005"/>
  <testcase classname="testScript.ManageNewsTest" name="verifyWhetherUserIsAbleToCreateNewsInformation" time="7.384"/>
</testsuite> <!-- testScript.ManageNewsTest -->
