<?xml version="1.0" encoding="UTF-8"?>
<!-- Generated by org.testng.reporters.JUnitReportReporter -->
<testsuite hostname="DESKTOP-VQGIBRP" failures="0" tests="1" name="testScript.ManageFooterTextTest" time="9.302" errors="0" timestamp="2025-05-29T17:31:05 IST" skipped="0">
  <testcase classname="testScript.ManageFooterTextTest" name="manageFooterTextTest" time="9.302"/>
</testsuite> <!-- testScript.ManageFooterTextTest -->
