<?xml version="1.0" encoding="UTF-8"?>
<!-- Generated by org.testng.reporters.JUnitReportReporter -->
<testsuite hostname="DESKTOP-VQGIBRP" failures="0" tests="3" name="testScript.ManageNewsTest" time="11.608" errors="0" timestamp="2025-06-03T11:39:08 IST" skipped="0">
  <testcase classname="testScript.ManageNewsTest" name="manageNewsTest" time="4.285"/>
  <testcase classname="testScript.ManageNewsTest" name="manageNewsTestSaveButtonDisplay" time="3.216"/>
  <testcase classname="testScript.ManageNewsTest" name="manageNewsTestNewsDelete" time="4.107"/>
</testsuite> <!-- testScript.ManageNewsTest -->
