<?xml version="1.0" encoding="UTF-8"?>
<!-- Generated by org.testng.reporters.JUnitReportReporter -->
<testsuite hostname="DESKTOP-VQGIBRP" failures="0" tests="1" name="testScript.ManageContactTest" time="5.722" errors="0" timestamp="2025-06-09T22:13:22 IST" skipped="0">
  <testcase classname="testScript.ManageContactTest" name="verifyWhetherUserIsAbleToCreateNewContactInformation" time="5.722"/>
</testsuite> <!-- testScript.ManageContactTest -->
