<?xml version="1.0" encoding="UTF-8"?>
<!-- Generated by org.testng.reporters.JUnitReportReporter -->
<testsuite hostname="DESKTOP-VQGIBRP" failures="0" tests="1" name="testScript.LogoutTest" time="3.029" errors="0" timestamp="2025-05-28T22:27:33 IST" skipped="0">
  <testcase classname="testScript.LogoutTest" name="logoutTest" time="3.029"/>
</testsuite> <!-- testScript.LogoutTest -->
