<?xml version="1.0" encoding="UTF-8"?>
<!-- Generated by org.testng.reporters.JUnitReportReporter -->
<testsuite hostname="DESKTOP-VQGIBRP" failures="0" tests="1" name="testScript.ManageCategoryTest" time="5.862" errors="0" timestamp="2025-06-09T21:59:41 IST" skipped="0">
  <testcase classname="testScript.ManageCategoryTest" name="verifyWhetherUserIsAbleToCreateNewCategoryInformation" time="5.862"/>
</testsuite> <!-- testScript.ManageCategoryTest -->
