<?xml version="1.0" encoding="UTF-8"?>
<!-- Generated by org.testng.reporters.JUnitReportReporter -->
<testsuite hostname="DESKTOP-VQGIBRP" failures="0" tests="2" name="testScript.AdminUsersTest" time="21.928" errors="0" timestamp="2025-06-09T12:44:23 IST" skipped="1">
  <testcase classname="testScript.AdminUsersTest" name="verifyWhetherUserIsAbleToCreateNewAdminUser" time="16.527">
    <skipped/>
  </testcase> <!-- verifyWhetherUserIsAbleToCreateNewAdminUser -->
  <testcase classname="testScript.AdminUsersTest" name="verifyWhetherUserIsAbleToCreateNewAdminUser" time="5.401"/>
</testsuite> <!-- testScript.AdminUsersTest -->
